{
  message: 'Database connected successfully',
  level: 'info',
  label: 'right meow!',
  timestamp: '2023-06-04T03:36:27.269Z'
}
{
  message: 'University management server listening on port 5000',
  level: 'info',
  label: 'right meow!',
  timestamp: '2023-06-04T03:36:27.293Z'
}
{
  message: 'Database connected successfully',
  level: 'info',
  label: 'right meow!',
  timestamp: '2023-06-04T03:40:21.684Z'
}
{
  message: 'University management server listening on port 5000',
  level: 'info',
  label: 'right meow!',
  timestamp: '2023-06-04T03:40:21.699Z'
}
{
  message: 'Database connected successfully',
  level: 'info',
  label: 'ph',
  timestamp: '2023-06-04T03:40:35.165Z'
}
{
  message: 'University management server listening on port 5000',
  level: 'info',
  label: 'ph',
  timestamp: '2023-06-04T03:40:35.184Z'
}
{
  message: 'Database connected successfully',
  level: 'info',
  label: 'ph',
  timestamp: '2023-06-04T03:41:37.285Z'
}
{
  message: 'University management server listening on port 5000',
  level: 'info',
  label: 'ph',
  timestamp: '2023-06-04T03:41:37.295Z'
}
