{
  message: 'Database connected successfully',
  level: 'info',
  label: 'ph',
  timestamp: '2023-08-18T16:03:38.707Z'
}
{
  message: 'University management server listening on port 5000',
  level: 'info',
  label: 'ph',
  timestamp: '2023-08-18T16:03:38.722Z'
}
{
  message: 'Database connected successfully',
  level: 'info',
  label: 'ph',
  timestamp: '2023-08-18T16:03:44.170Z'
}
{
  message: 'University management server listening on port 5000',
  level: 'info',
  label: 'ph',
  timestamp: '2023-08-18T16:03:44.179Z'
}
{
  message: 'Database connected successfully',
  level: 'info',
  label: 'ph',
  timestamp: '2023-08-18T16:03:49.869Z'
}
{
  message: 'University management server listening on port 5000',
  level: 'info',
  label: 'ph',
  timestamp: '2023-08-18T16:03:49.885Z'
}
{
  message: 'Database connected successfully',
  level: 'info',
  label: 'ph',
  timestamp: '2023-08-18T16:04:18.299Z'
}
{
  message: 'University management server listening on port 5000',
  level: 'info',
  label: 'ph',
  timestamp: '2023-08-18T16:04:18.308Z'
}
{
  message: 'Database connected successfully',
  level: 'info',
  label: 'ph',
  timestamp: '2023-08-18T16:04:25.811Z'
}
{
  message: 'University management server listening on port 5000',
  level: 'info',
  label: 'ph',
  timestamp: '2023-08-18T16:04:25.821Z'
}
