{
  message: 'Database connected successfully',
  level: 'info',
  label: 'ph',
  timestamp: '2023-08-17T13:46:07.506Z'
}
{
  message: 'University management server listening on port 5000',
  level: 'info',
  label: 'ph',
  timestamp: '2023-08-17T13:46:07.535Z'
}
{
  message: 'Database connected successfully',
  level: 'info',
  label: 'ph',
  timestamp: '2023-08-17T13:46:11.057Z'
}
{
  message: 'University management server listening on port 5000',
  level: 'info',
  label: 'ph',
  timestamp: '2023-08-17T13:46:11.072Z'
}
