{
  message: 'Database connected successfully',
  level: 'info',
  label: 'ph',
  timestamp: '2023-06-14T06:01:56.244Z'
}
{
  message: 'University management server listening on port 5000',
  level: 'info',
  label: 'ph',
  timestamp: '2023-06-14T06:01:56.258Z'
}
{
  message: 'Database connected successfully',
  level: 'info',
  label: 'ph',
  timestamp: '2023-06-14T06:02:04.852Z'
}
{
  message: 'University management server listening on port 5000',
  level: 'info',
  label: 'ph',
  timestamp: '2023-06-14T06:02:04.864Z'
}
{
  message: 'Database connected successfully',
  level: 'info',
  label: 'ph',
  timestamp: '2023-06-14T06:02:47.684Z'
}
{
  message: 'University management server listening on port 5000',
  level: 'info',
  label: 'ph',
  timestamp: '2023-06-14T06:02:47.702Z'
}
{
  message: 'Database connected successfully',
  level: 'info',
  label: 'ph',
  timestamp: '2023-06-14T06:03:01.846Z'
}
{
  message: 'University management server listening on port 5000',
  level: 'info',
  label: 'ph',
  timestamp: '2023-06-14T06:03:01.857Z'
}
{
  message: 'Database connected successfully',
  level: 'info',
  label: 'ph',
  timestamp: '2023-06-14T06:03:08.680Z'
}
{
  message: 'University management server listening on port 5000',
  level: 'info',
  label: 'ph',
  timestamp: '2023-06-14T06:03:08.690Z'
}
{
  message: 'Database connected successfully',
  level: 'info',
  label: 'ph',
  timestamp: '2023-06-14T06:03:15.127Z'
}
{
  message: 'University management server listening on port 5000',
  level: 'info',
  label: 'ph',
  timestamp: '2023-06-14T06:03:15.140Z'
}
{
  message: 'Database connected successfully',
  level: 'info',
  label: 'ph',
  timestamp: '2023-06-14T06:03:33.403Z'
}
{
  message: 'University management server listening on port 5000',
  level: 'info',
  label: 'ph',
  timestamp: '2023-06-14T06:03:33.423Z'
}
{
  message: 'Database connected successfully',
  level: 'info',
  label: 'ph',
  timestamp: '2023-06-14T06:03:37.281Z'
}
{
  message: 'University management server listening on port 5000',
  level: 'info',
  label: 'ph',
  timestamp: '2023-06-14T06:03:37.297Z'
}
{
  message: 'Database connected successfully',
  level: 'info',
  label: 'ph',
  timestamp: '2023-06-14T06:03:43.410Z'
}
{
  message: 'University management server listening on port 5000',
  level: 'info',
  label: 'ph',
  timestamp: '2023-06-14T06:03:43.419Z'
}
{
  message: 'Database connected successfully',
  level: 'info',
  label: 'ph',
  timestamp: '2023-06-14T06:04:37.406Z'
}
{
  message: 'University management server listening on port 5000',
  level: 'info',
  label: 'ph',
  timestamp: '2023-06-14T06:04:37.417Z'
}
{
  message: 'Database connected successfully',
  level: 'info',
  label: 'ph',
  timestamp: '2023-06-14T06:04:42.758Z'
}
{
  message: 'University management server listening on port 5000',
  level: 'info',
  label: 'ph',
  timestamp: '2023-06-14T06:04:42.778Z'
}
{
  message: 'Database connected successfully',
  level: 'info',
  label: 'ph',
  timestamp: '2023-06-14T06:05:11.995Z'
}
{
  message: 'University management server listening on port 5000',
  level: 'info',
  label: 'ph',
  timestamp: '2023-06-14T06:05:12.011Z'
}
{
  message: 'Database connected successfully',
  level: 'info',
  label: 'ph',
  timestamp: '2023-06-14T06:05:17.063Z'
}
{
  message: 'University management server listening on port 5000',
  level: 'info',
  label: 'ph',
  timestamp: '2023-06-14T06:05:17.072Z'
}
{
  message: 'Database connected successfully',
  level: 'info',
  label: 'ph',
  timestamp: '2023-06-14T06:05:24.474Z'
}
{
  message: 'University management server listening on port 5000',
  level: 'info',
  label: 'ph',
  timestamp: '2023-06-14T06:05:24.490Z'
}
{
  message: 'Database connected successfully',
  level: 'info',
  label: 'ph',
  timestamp: '2023-06-14T06:05:37.315Z'
}
{
  message: 'University management server listening on port 5000',
  level: 'info',
  label: 'ph',
  timestamp: '2023-06-14T06:05:37.329Z'
}
{
  message: 'Database connected successfully',
  level: 'info',
  label: 'ph',
  timestamp: '2023-06-14T06:05:52.527Z'
}
{
  message: 'University management server listening on port 5000',
  level: 'info',
  label: 'ph',
  timestamp: '2023-06-14T06:05:52.543Z'
}
{
  message: 'Database connected successfully',
  level: 'info',
  label: 'ph',
  timestamp: '2023-06-14T06:05:58.285Z'
}
{
  message: 'University management server listening on port 5000',
  level: 'info',
  label: 'ph',
  timestamp: '2023-06-14T06:05:58.295Z'
}
{
  message: 'Database connected successfully',
  level: 'info',
  label: 'ph',
  timestamp: '2023-06-14T06:05:59.925Z'
}
{
  message: 'University management server listening on port 5000',
  level: 'info',
  label: 'ph',
  timestamp: '2023-06-14T06:05:59.944Z'
}
{
  message: 'Database connected successfully',
  level: 'info',
  label: 'ph',
  timestamp: '2023-06-14T06:07:23.289Z'
}
{
  message: 'University management server listening on port 5000',
  level: 'info',
  label: 'ph',
  timestamp: '2023-06-14T06:07:23.299Z'
}
{
  message: 'Database connected successfully',
  level: 'info',
  label: 'ph',
  timestamp: '2023-06-14T06:07:28.559Z'
}
{
  message: 'University management server listening on port 5000',
  level: 'info',
  label: 'ph',
  timestamp: '2023-06-14T06:07:28.573Z'
}
{
  message: 'Database connected successfully',
  level: 'info',
  label: 'ph',
  timestamp: '2023-06-14T06:07:34.586Z'
}
{
  message: 'University management server listening on port 5000',
  level: 'info',
  label: 'ph',
  timestamp: '2023-06-14T06:07:34.595Z'
}
{
  message: 'Database connected successfully',
  level: 'info',
  label: 'ph',
  timestamp: '2023-06-14T06:07:39.238Z'
}
{
  message: 'University management server listening on port 5000',
  level: 'info',
  label: 'ph',
  timestamp: '2023-06-14T06:07:39.250Z'
}
{
  message: 'Database connected successfully',
  level: 'info',
  label: 'ph',
  timestamp: '2023-06-14T06:07:44.158Z'
}
{
  message: 'University management server listening on port 5000',
  level: 'info',
  label: 'ph',
  timestamp: '2023-06-14T06:07:44.167Z'
}
{
  message: 'Database connected successfully',
  level: 'info',
  label: 'ph',
  timestamp: '2023-06-14T06:07:48.113Z'
}
{
  message: 'University management server listening on port 5000',
  level: 'info',
  label: 'ph',
  timestamp: '2023-06-14T06:07:48.130Z'
}
{
  message: 'Database connected successfully',
  level: 'info',
  label: 'ph',
  timestamp: '2023-06-14T06:08:58.881Z'
}
{
  message: 'University management server listening on port 5000',
  level: 'info',
  label: 'ph',
  timestamp: '2023-06-14T06:08:58.890Z'
}
{
  message: 'Database connected successfully',
  level: 'info',
  label: 'ph',
  timestamp: '2023-06-14T06:09:01.294Z'
}
{
  message: 'University management server listening on port 5000',
  level: 'info',
  label: 'ph',
  timestamp: '2023-06-14T06:09:01.308Z'
}
{
  message: 'Database connected successfully',
  level: 'info',
  label: 'ph',
  timestamp: '2023-06-14T06:15:18.098Z'
}
{
  message: 'University management server listening on port 5000',
  level: 'info',
  label: 'ph',
  timestamp: '2023-06-14T06:15:18.109Z'
}
{
  message: 'Database connected successfully',
  level: 'info',
  label: 'ph',
  timestamp: '2023-06-14T06:15:21.509Z'
}
{
  message: 'University management server listening on port 5000',
  level: 'info',
  label: 'ph',
  timestamp: '2023-06-14T06:15:21.521Z'
}
{
  message: 'Database connected successfully',
  level: 'info',
  label: 'ph',
  timestamp: '2023-06-14T06:15:39.812Z'
}
{
  message: 'University management server listening on port 5000',
  level: 'info',
  label: 'ph',
  timestamp: '2023-06-14T06:15:39.824Z'
}
{
  message: 'Database connected successfully',
  level: 'info',
  label: 'ph',
  timestamp: '2023-06-14T06:15:42.368Z'
}
{
  message: 'University management server listening on port 5000',
  level: 'info',
  label: 'ph',
  timestamp: '2023-06-14T06:15:42.377Z'
}
{
  message: 'Database connected successfully',
  level: 'info',
  label: 'ph',
  timestamp: '2023-06-14T06:16:12.991Z'
}
{
  message: 'University management server listening on port 5000',
  level: 'info',
  label: 'ph',
  timestamp: '2023-06-14T06:16:13.009Z'
}
{
  message: 'Database connected successfully',
  level: 'info',
  label: 'ph',
  timestamp: '2023-06-14T06:16:15.755Z'
}
{
  message: 'University management server listening on port 5000',
  level: 'info',
  label: 'ph',
  timestamp: '2023-06-14T06:16:15.775Z'
}
{
  message: 'Database connected successfully',
  level: 'info',
  label: 'ph',
  timestamp: '2023-06-14T06:16:29.224Z'
}
{
  message: 'University management server listening on port 5000',
  level: 'info',
  label: 'ph',
  timestamp: '2023-06-14T06:16:29.235Z'
}
{
  message: 'Database connected successfully',
  level: 'info',
  label: 'ph',
  timestamp: '2023-06-14T06:16:44.804Z'
}
{
  message: 'University management server listening on port 5000',
  level: 'info',
  label: 'ph',
  timestamp: '2023-06-14T06:16:44.813Z'
}
{
  message: 'Database connected successfully',
  level: 'info',
  label: 'ph',
  timestamp: '2023-06-14T06:16:46.876Z'
}
{
  message: 'University management server listening on port 5000',
  level: 'info',
  label: 'ph',
  timestamp: '2023-06-14T06:16:46.886Z'
}
{
  message: 'Database connected successfully',
  level: 'info',
  label: 'ph',
  timestamp: '2023-06-14T06:19:16.537Z'
}
{
  message: 'University management server listening on port 5000',
  level: 'info',
  label: 'ph',
  timestamp: '2023-06-14T06:19:16.546Z'
}
{
  message: 'Database connected successfully',
  level: 'info',
  label: 'ph',
  timestamp: '2023-06-14T06:19:22.658Z'
}
{
  message: 'University management server listening on port 5000',
  level: 'info',
  label: 'ph',
  timestamp: '2023-06-14T06:19:22.680Z'
}
{
  message: 'Database connected successfully',
  level: 'info',
  label: 'ph',
  timestamp: '2023-06-14T06:19:30.091Z'
}
{
  message: 'University management server listening on port 5000',
  level: 'info',
  label: 'ph',
  timestamp: '2023-06-14T06:19:30.099Z'
}
{
  message: 'Database connected successfully',
  level: 'info',
  label: 'ph',
  timestamp: '2023-06-14T06:19:52.372Z'
}
{
  message: 'University management server listening on port 5000',
  level: 'info',
  label: 'ph',
  timestamp: '2023-06-14T06:19:52.396Z'
}
{
  message: 'Database connected successfully',
  level: 'info',
  label: 'ph',
  timestamp: '2023-06-14T06:19:55.023Z'
}
{
  message: 'University management server listening on port 5000',
  level: 'info',
  label: 'ph',
  timestamp: '2023-06-14T06:19:55.039Z'
}
{
  message: 'Database connected successfully',
  level: 'info',
  label: 'ph',
  timestamp: '2023-06-14T06:20:41.588Z'
}
{
  message: 'University management server listening on port 5000',
  level: 'info',
  label: 'ph',
  timestamp: '2023-06-14T06:20:41.602Z'
}
{
  message: 'Database connected successfully',
  level: 'info',
  label: 'ph',
  timestamp: '2023-06-14T06:21:03.632Z'
}
{
  message: 'University management server listening on port 5000',
  level: 'info',
  label: 'ph',
  timestamp: '2023-06-14T06:21:03.640Z'
}
{
  message: 'Database connected successfully',
  level: 'info',
  label: 'ph',
  timestamp: '2023-06-14T06:21:16.608Z'
}
{
  message: 'University management server listening on port 5000',
  level: 'info',
  label: 'ph',
  timestamp: '2023-06-14T06:21:16.618Z'
}
{
  message: 'Database connected successfully',
  level: 'info',
  label: 'ph',
  timestamp: '2023-06-14T06:23:10.808Z'
}
{
  message: 'University management server listening on port 5000',
  level: 'info',
  label: 'ph',
  timestamp: '2023-06-14T06:23:10.818Z'
}
{
  message: 'Database connected successfully',
  level: 'info',
  label: 'ph',
  timestamp: '2023-06-14T06:30:44.629Z'
}
{
  message: 'University management server listening on port 5000',
  level: 'info',
  label: 'ph',
  timestamp: '2023-06-14T06:30:44.641Z'
}
{
  message: 'Database connected successfully',
  level: 'info',
  label: 'ph',
  timestamp: '2023-06-14T06:30:58.666Z'
}
{
  message: 'University management server listening on port 5000',
  level: 'info',
  label: 'ph',
  timestamp: '2023-06-14T06:30:58.680Z'
}
{
  message: 'Database connected successfully',
  level: 'info',
  label: 'ph',
  timestamp: '2023-06-14T06:31:05.794Z'
}
{
  message: 'University management server listening on port 5000',
  level: 'info',
  label: 'ph',
  timestamp: '2023-06-14T06:31:05.816Z'
}
{
  message: 'Database connected successfully',
  level: 'info',
  label: 'ph',
  timestamp: '2023-06-14T06:32:21.418Z'
}
{
  message: 'University management server listening on port 5000',
  level: 'info',
  label: 'ph',
  timestamp: '2023-06-14T06:32:21.432Z'
}
{
  message: 'Database connected successfully',
  level: 'info',
  label: 'ph',
  timestamp: '2023-06-14T06:32:26.012Z'
}
{
  message: 'University management server listening on port 5000',
  level: 'info',
  label: 'ph',
  timestamp: '2023-06-14T06:32:26.024Z'
}
{
  message: 'Database connected successfully',
  level: 'info',
  label: 'ph',
  timestamp: '2023-06-14T06:32:33.150Z'
}
{
  message: 'University management server listening on port 5000',
  level: 'info',
  label: 'ph',
  timestamp: '2023-06-14T06:32:33.163Z'
}
{
  message: 'Database connected successfully',
  level: 'info',
  label: 'ph',
  timestamp: '2023-06-14T06:32:38.491Z'
}
{
  message: 'University management server listening on port 5000',
  level: 'info',
  label: 'ph',
  timestamp: '2023-06-14T06:32:38.499Z'
}
{
  message: 'Database connected successfully',
  level: 'info',
  label: 'ph',
  timestamp: '2023-06-14T06:32:40.259Z'
}
{
  message: 'University management server listening on port 5000',
  level: 'info',
  label: 'ph',
  timestamp: '2023-06-14T06:32:40.307Z'
}
{
  message: 'Database connected successfully',
  level: 'info',
  label: 'ph',
  timestamp: '2023-06-14T06:33:58.162Z'
}
{
  message: 'University management server listening on port 5000',
  level: 'info',
  label: 'ph',
  timestamp: '2023-06-14T06:33:58.171Z'
}
{
  message: 'Database connected successfully',
  level: 'info',
  label: 'ph',
  timestamp: '2023-06-14T06:34:06.729Z'
}
{
  message: 'University management server listening on port 5000',
  level: 'info',
  label: 'ph',
  timestamp: '2023-06-14T06:34:06.740Z'
}
{
  message: 'Database connected successfully',
  level: 'info',
  label: 'ph',
  timestamp: '2023-06-14T06:34:13.650Z'
}
{
  message: 'University management server listening on port 5000',
  level: 'info',
  label: 'ph',
  timestamp: '2023-06-14T06:34:13.659Z'
}
{
  message: 'Database connected successfully',
  level: 'info',
  label: 'ph',
  timestamp: '2023-06-14T06:38:22.982Z'
}
{
  message: 'University management server listening on port 5000',
  level: 'info',
  label: 'ph',
  timestamp: '2023-06-14T06:38:23.000Z'
}
{
  message: 'Database connected successfully',
  level: 'info',
  label: 'ph',
  timestamp: '2023-06-14T06:38:38.172Z'
}
{
  message: 'University management server listening on port 5000',
  level: 'info',
  label: 'ph',
  timestamp: '2023-06-14T06:38:38.185Z'
}
{
  message: 'Database connected successfully',
  level: 'info',
  label: 'ph',
  timestamp: '2023-06-14T06:38:41.340Z'
}
{
  message: 'University management server listening on port 5000',
  level: 'info',
  label: 'ph',
  timestamp: '2023-06-14T06:38:41.361Z'
}
{
  message: 'Database connected successfully',
  level: 'info',
  label: 'ph',
  timestamp: '2023-06-14T06:38:45.675Z'
}
{
  message: 'University management server listening on port 5000',
  level: 'info',
  label: 'ph',
  timestamp: '2023-06-14T06:38:45.695Z'
}
{
  message: 'Database connected successfully',
  level: 'info',
  label: 'ph',
  timestamp: '2023-06-14T06:42:00.416Z'
}
{
  message: 'University management server listening on port 5000',
  level: 'info',
  label: 'ph',
  timestamp: '2023-06-14T06:42:00.431Z'
}
{
  message: 'Database connected successfully',
  level: 'info',
  label: 'ph',
  timestamp: '2023-06-14T06:42:16.583Z'
}
{
  message: 'University management server listening on port 5000',
  level: 'info',
  label: 'ph',
  timestamp: '2023-06-14T06:42:16.607Z'
}
{
  message: 'Database connected successfully',
  level: 'info',
  label: 'ph',
  timestamp: '2023-06-14T06:42:21.860Z'
}
{
  message: 'University management server listening on port 5000',
  level: 'info',
  label: 'ph',
  timestamp: '2023-06-14T06:42:21.883Z'
}
{
  message: 'Database connected successfully',
  level: 'info',
  label: 'ph',
  timestamp: '2023-06-14T06:42:31.883Z'
}
{
  message: 'University management server listening on port 5000',
  level: 'info',
  label: 'ph',
  timestamp: '2023-06-14T06:42:31.897Z'
}
{
  message: 'Database connected successfully',
  level: 'info',
  label: 'ph',
  timestamp: '2023-06-14T06:42:52.056Z'
}
{
  message: 'University management server listening on port 5000',
  level: 'info',
  label: 'ph',
  timestamp: '2023-06-14T06:42:52.070Z'
}
{
  message: 'Database connected successfully',
  level: 'info',
  label: 'ph',
  timestamp: '2023-06-14T06:43:04.267Z'
}
{
  message: 'University management server listening on port 5000',
  level: 'info',
  label: 'ph',
  timestamp: '2023-06-14T06:43:04.280Z'
}
{
  message: 'Database connected successfully',
  level: 'info',
  label: 'ph',
  timestamp: '2023-06-14T06:43:49.964Z'
}
{
  message: 'University management server listening on port 5000',
  level: 'info',
  label: 'ph',
  timestamp: '2023-06-14T06:43:49.976Z'
}
{
  message: 'Database connected successfully',
  level: 'info',
  label: 'ph',
  timestamp: '2023-06-14T06:44:59.224Z'
}
{
  message: 'University management server listening on port 5000',
  level: 'info',
  label: 'ph',
  timestamp: '2023-06-14T06:44:59.247Z'
}
{
  message: 'Database connected successfully',
  level: 'info',
  label: 'ph',
  timestamp: '2023-06-14T06:45:07.021Z'
}
{
  message: 'University management server listening on port 5000',
  level: 'info',
  label: 'ph',
  timestamp: '2023-06-14T06:45:07.033Z'
}
{
  message: 'Database connected successfully',
  level: 'info',
  label: 'ph',
  timestamp: '2023-06-14T06:45:30.190Z'
}
{
  message: 'University management server listening on port 5000',
  level: 'info',
  label: 'ph',
  timestamp: '2023-06-14T06:45:30.201Z'
}
{
  message: 'Database connected successfully',
  level: 'info',
  label: 'ph',
  timestamp: '2023-06-14T06:45:35.996Z'
}
{
  message: 'University management server listening on port 5000',
  level: 'info',
  label: 'ph',
  timestamp: '2023-06-14T06:45:36.010Z'
}
{
  message: 'Database connected successfully',
  level: 'info',
  label: 'ph',
  timestamp: '2023-06-14T06:45:51.515Z'
}
{
  message: 'University management server listening on port 5000',
  level: 'info',
  label: 'ph',
  timestamp: '2023-06-14T06:45:51.527Z'
}
{
  message: 'Database connected successfully',
  level: 'info',
  label: 'ph',
  timestamp: '2023-06-14T06:58:08.201Z'
}
{
  message: 'University management server listening on port 5000',
  level: 'info',
  label: 'ph',
  timestamp: '2023-06-14T06:58:08.224Z'
}
