{
  message: 'Database connected successfully',
  level: 'info',
  label: 'ph',
  timestamp: '2023-06-11T07:00:49.862Z'
}
{
  message: 'University management server listening on port 5000',
  level: 'info',
  label: 'ph',
  timestamp: '2023-06-11T07:00:49.876Z'
}
{
  message: 'Database connected successfully',
  level: 'info',
  label: 'ph',
  timestamp: '2023-06-11T07:10:37.617Z'
}
{
  message: 'University management server listening on port 5000',
  level: 'info',
  label: 'ph',
  timestamp: '2023-06-11T07:10:37.629Z'
}
{
  message: 'Database connected successfully',
  level: 'info',
  label: 'ph',
  timestamp: '2023-06-11T07:10:39.558Z'
}
{
  message: 'University management server listening on port 5000',
  level: 'info',
  label: 'ph',
  timestamp: '2023-06-11T07:10:39.565Z'
}
{
  message: 'Database connected successfully',
  level: 'info',
  label: 'ph',
  timestamp: '2023-06-11T07:10:43.732Z'
}
{
  message: 'University management server listening on port 5000',
  level: 'info',
  label: 'ph',
  timestamp: '2023-06-11T07:10:43.740Z'
}
{
  message: 'Database connected successfully',
  level: 'info',
  label: 'ph',
  timestamp: '2023-06-11T07:10:48.450Z'
}
{
  message: 'University management server listening on port 5000',
  level: 'info',
  label: 'ph',
  timestamp: '2023-06-11T07:10:48.465Z'
}
{
  message: 'Database connected successfully',
  level: 'info',
  label: 'ph',
  timestamp: '2023-06-11T07:10:54.239Z'
}
{
  message: 'University management server listening on port 5000',
  level: 'info',
  label: 'ph',
  timestamp: '2023-06-11T07:10:54.259Z'
}
{
  message: 'Database connected successfully',
  level: 'info',
  label: 'ph',
  timestamp: '2023-06-11T07:11:05.697Z'
}
{
  message: 'University management server listening on port 5000',
  level: 'info',
  label: 'ph',
  timestamp: '2023-06-11T07:11:05.709Z'
}
{
  message: 'Database connected successfully',
  level: 'info',
  label: 'ph',
  timestamp: '2023-06-11T07:11:51.064Z'
}
{
  message: 'University management server listening on port 5000',
  level: 'info',
  label: 'ph',
  timestamp: '2023-06-11T07:11:51.074Z'
}
{
  message: 'Database connected successfully',
  level: 'info',
  label: 'ph',
  timestamp: '2023-06-11T07:12:25.756Z'
}
{
  message: 'University management server listening on port 5000',
  level: 'info',
  label: 'ph',
  timestamp: '2023-06-11T07:12:25.778Z'
}
{
  message: 'Database connected successfully',
  level: 'info',
  label: 'ph',
  timestamp: '2023-06-11T07:13:29.234Z'
}
{
  message: 'University management server listening on port 5000',
  level: 'info',
  label: 'ph',
  timestamp: '2023-06-11T07:13:29.244Z'
}
{
  message: 'Database connected successfully',
  level: 'info',
  label: 'ph',
  timestamp: '2023-06-11T07:13:34.334Z'
}
{
  message: 'University management server listening on port 5000',
  level: 'info',
  label: 'ph',
  timestamp: '2023-06-11T07:13:34.354Z'
}
{
  message: 'Database connected successfully',
  level: 'info',
  label: 'ph',
  timestamp: '2023-06-11T07:13:54.522Z'
}
{
  message: 'University management server listening on port 5000',
  level: 'info',
  label: 'ph',
  timestamp: '2023-06-11T07:13:54.539Z'
}
{
  message: 'Database connected successfully',
  level: 'info',
  label: 'ph',
  timestamp: '2023-06-11T07:17:03.575Z'
}
{
  message: 'University management server listening on port 5000',
  level: 'info',
  label: 'ph',
  timestamp: '2023-06-11T07:17:03.595Z'
}
{
  message: 'Database connected successfully',
  level: 'info',
  label: 'ph',
  timestamp: '2023-06-11T07:17:12.094Z'
}
{
  message: 'University management server listening on port 5000',
  level: 'info',
  label: 'ph',
  timestamp: '2023-06-11T07:17:12.108Z'
}
{
  message: 'Database connected successfully',
  level: 'info',
  label: 'ph',
  timestamp: '2023-06-11T07:17:24.348Z'
}
{
  message: 'University management server listening on port 5000',
  level: 'info',
  label: 'ph',
  timestamp: '2023-06-11T07:17:24.362Z'
}
{
  message: 'Database connected successfully',
  level: 'info',
  label: 'ph',
  timestamp: '2023-06-11T07:17:34.983Z'
}
{
  message: 'University management server listening on port 5000',
  level: 'info',
  label: 'ph',
  timestamp: '2023-06-11T07:17:34.997Z'
}
{
  message: 'Database connected successfully',
  level: 'info',
  label: 'ph',
  timestamp: '2023-06-11T07:17:40.524Z'
}
{
  message: 'University management server listening on port 5000',
  level: 'info',
  label: 'ph',
  timestamp: '2023-06-11T07:17:40.542Z'
}
{
  message: 'Database connected successfully',
  level: 'info',
  label: 'ph',
  timestamp: '2023-06-11T07:17:56.440Z'
}
{
  message: 'University management server listening on port 5000',
  level: 'info',
  label: 'ph',
  timestamp: '2023-06-11T07:17:56.461Z'
}
{
  message: 'Database connected successfully',
  level: 'info',
  label: 'ph',
  timestamp: '2023-06-11T07:17:59.993Z'
}
{
  message: 'University management server listening on port 5000',
  level: 'info',
  label: 'ph',
  timestamp: '2023-06-11T07:18:00.016Z'
}
{
  message: 'Database connected successfully',
  level: 'info',
  label: 'ph',
  timestamp: '2023-06-11T07:18:13.711Z'
}
{
  message: 'University management server listening on port 5000',
  level: 'info',
  label: 'ph',
  timestamp: '2023-06-11T07:18:13.728Z'
}
{
  message: 'Database connected successfully',
  level: 'info',
  label: 'ph',
  timestamp: '2023-06-11T07:18:15.685Z'
}
{
  message: 'University management server listening on port 5000',
  level: 'info',
  label: 'ph',
  timestamp: '2023-06-11T07:18:15.700Z'
}
{
  message: 'Database connected successfully',
  level: 'info',
  label: 'ph',
  timestamp: '2023-06-11T07:18:19.952Z'
}
{
  message: 'University management server listening on port 5000',
  level: 'info',
  label: 'ph',
  timestamp: '2023-06-11T07:18:19.968Z'
}
{
  message: 'Database connected successfully',
  level: 'info',
  label: 'ph',
  timestamp: '2023-06-11T07:18:30.145Z'
}
{
  message: 'University management server listening on port 5000',
  level: 'info',
  label: 'ph',
  timestamp: '2023-06-11T07:18:30.166Z'
}
{
  message: 'Database connected successfully',
  level: 'info',
  label: 'ph',
  timestamp: '2023-06-11T07:18:34.572Z'
}
{
  message: 'University management server listening on port 5000',
  level: 'info',
  label: 'ph',
  timestamp: '2023-06-11T07:18:34.592Z'
}
{
  message: 'Database connected successfully',
  level: 'info',
  label: 'ph',
  timestamp: '2023-06-11T07:18:48.992Z'
}
{
  message: 'University management server listening on port 5000',
  level: 'info',
  label: 'ph',
  timestamp: '2023-06-11T07:18:49.027Z'
}
{
  message: 'Database connected successfully',
  level: 'info',
  label: 'ph',
  timestamp: '2023-06-11T07:19:18.304Z'
}
{
  message: 'University management server listening on port 5000',
  level: 'info',
  label: 'ph',
  timestamp: '2023-06-11T07:19:18.316Z'
}
{
  message: 'Database connected successfully',
  level: 'info',
  label: 'ph',
  timestamp: '2023-06-11T07:19:30.176Z'
}
{
  message: 'University management server listening on port 5000',
  level: 'info',
  label: 'ph',
  timestamp: '2023-06-11T07:19:30.184Z'
}
{
  message: 'Database connected successfully',
  level: 'info',
  label: 'ph',
  timestamp: '2023-06-11T07:20:01.001Z'
}
{
  message: 'University management server listening on port 5000',
  level: 'info',
  label: 'ph',
  timestamp: '2023-06-11T07:20:01.011Z'
}
{
  message: 'Database connected successfully',
  level: 'info',
  label: 'ph',
  timestamp: '2023-06-11T07:20:28.983Z'
}
{
  message: 'University management server listening on port 5000',
  level: 'info',
  label: 'ph',
  timestamp: '2023-06-11T07:20:28.992Z'
}
{
  message: 'Database connected successfully',
  level: 'info',
  label: 'ph',
  timestamp: '2023-06-11T07:20:38.261Z'
}
{
  message: 'University management server listening on port 5000',
  level: 'info',
  label: 'ph',
  timestamp: '2023-06-11T07:20:38.282Z'
}
{
  message: 'Database connected successfully',
  level: 'info',
  label: 'ph',
  timestamp: '2023-06-11T07:37:45.205Z'
}
{
  message: 'University management server listening on port 5000',
  level: 'info',
  label: 'ph',
  timestamp: '2023-06-11T07:37:45.219Z'
}
{
  message: 'Database connected successfully',
  level: 'info',
  label: 'ph',
  timestamp: '2023-06-11T07:39:03.440Z'
}
{
  message: 'University management server listening on port 5000',
  level: 'info',
  label: 'ph',
  timestamp: '2023-06-11T07:39:03.449Z'
}
{
  message: 'Database connected successfully',
  level: 'info',
  label: 'ph',
  timestamp: '2023-06-11T07:39:10.006Z'
}
{
  message: 'University management server listening on port 5000',
  level: 'info',
  label: 'ph',
  timestamp: '2023-06-11T07:39:10.014Z'
}
{
  message: 'Database connected successfully',
  level: 'info',
  label: 'ph',
  timestamp: '2023-06-11T07:39:14.677Z'
}
{
  message: 'University management server listening on port 5000',
  level: 'info',
  label: 'ph',
  timestamp: '2023-06-11T07:39:14.691Z'
}
{
  message: 'Database connected successfully',
  level: 'info',
  label: 'ph',
  timestamp: '2023-06-11T07:39:30.320Z'
}
{
  message: 'University management server listening on port 5000',
  level: 'info',
  label: 'ph',
  timestamp: '2023-06-11T07:39:30.331Z'
}
{
  message: 'Database connected successfully',
  level: 'info',
  label: 'ph',
  timestamp: '2023-06-11T07:39:33.510Z'
}
{
  message: 'University management server listening on port 5000',
  level: 'info',
  label: 'ph',
  timestamp: '2023-06-11T07:39:33.521Z'
}
{
  message: 'Database connected successfully',
  level: 'info',
  label: 'ph',
  timestamp: '2023-06-11T07:39:37.865Z'
}
{
  message: 'University management server listening on port 5000',
  level: 'info',
  label: 'ph',
  timestamp: '2023-06-11T07:39:37.874Z'
}
{
  message: 'Database connected successfully',
  level: 'info',
  label: 'ph',
  timestamp: '2023-06-11T07:39:42.245Z'
}
{
  message: 'University management server listening on port 5000',
  level: 'info',
  label: 'ph',
  timestamp: '2023-06-11T07:39:42.257Z'
}
{
  message: 'Database connected successfully',
  level: 'info',
  label: 'ph',
  timestamp: '2023-06-11T07:39:46.356Z'
}
{
  message: 'University management server listening on port 5000',
  level: 'info',
  label: 'ph',
  timestamp: '2023-06-11T07:39:46.364Z'
}
{
  message: 'Database connected successfully',
  level: 'info',
  label: 'ph',
  timestamp: '2023-06-11T07:40:30.023Z'
}
{
  message: 'University management server listening on port 5000',
  level: 'info',
  label: 'ph',
  timestamp: '2023-06-11T07:40:30.038Z'
}
{
  message: 'Database connected successfully',
  level: 'info',
  label: 'ph',
  timestamp: '2023-06-11T07:41:11.039Z'
}
{
  message: 'University management server listening on port 5000',
  level: 'info',
  label: 'ph',
  timestamp: '2023-06-11T07:41:11.057Z'
}
{
  message: 'Database connected successfully',
  level: 'info',
  label: 'ph',
  timestamp: '2023-06-11T07:41:25.077Z'
}
{
  message: 'University management server listening on port 5000',
  level: 'info',
  label: 'ph',
  timestamp: '2023-06-11T07:41:25.094Z'
}
{
  message: 'Database connected successfully',
  level: 'info',
  label: 'ph',
  timestamp: '2023-06-11T07:41:32.058Z'
}
{
  message: 'University management server listening on port 5000',
  level: 'info',
  label: 'ph',
  timestamp: '2023-06-11T07:41:32.067Z'
}
{
  message: 'Database connected successfully',
  level: 'info',
  label: 'ph',
  timestamp: '2023-06-11T07:41:35.987Z'
}
{
  message: 'University management server listening on port 5000',
  level: 'info',
  label: 'ph',
  timestamp: '2023-06-11T07:41:35.995Z'
}
{
  message: 'Database connected successfully',
  level: 'info',
  label: 'ph',
  timestamp: '2023-06-11T07:41:41.758Z'
}
{
  message: 'University management server listening on port 5000',
  level: 'info',
  label: 'ph',
  timestamp: '2023-06-11T07:41:41.767Z'
}
{
  message: 'Database connected successfully',
  level: 'info',
  label: 'ph',
  timestamp: '2023-06-11T07:41:43.786Z'
}
{
  message: 'University management server listening on port 5000',
  level: 'info',
  label: 'ph',
  timestamp: '2023-06-11T07:41:43.794Z'
}
{
  message: 'Database connected successfully',
  level: 'info',
  label: 'ph',
  timestamp: '2023-06-11T07:41:47.458Z'
}
{
  message: 'University management server listening on port 5000',
  level: 'info',
  label: 'ph',
  timestamp: '2023-06-11T07:41:47.466Z'
}
{
  message: 'Database connected successfully',
  level: 'info',
  label: 'ph',
  timestamp: '2023-06-11T07:42:00.948Z'
}
{
  message: 'University management server listening on port 5000',
  level: 'info',
  label: 'ph',
  timestamp: '2023-06-11T07:42:00.960Z'
}
