{
  message: 'Database connected successfully',
  level: 'info',
  label: 'ph',
  timestamp: '2023-08-18T15:20:58.155Z'
}
{
  message: 'University management server listening on port 5000',
  level: 'info',
  label: 'ph',
  timestamp: '2023-08-18T15:20:58.168Z'
}
{
  message: 'Database connected successfully',
  level: 'info',
  label: 'ph',
  timestamp: '2023-08-18T15:21:17.849Z'
}
{
  message: 'University management server listening on port 5000',
  level: 'info',
  label: 'ph',
  timestamp: '2023-08-18T15:21:17.857Z'
}
