{
  message: 'Database connected successfully',
  level: 'info',
  label: 'ph',
  timestamp: '2023-06-10T16:01:06.806Z'
}
{
  message: 'University management server listening on port 5000',
  level: 'info',
  label: 'ph',
  timestamp: '2023-06-10T16:01:06.823Z'
}
{
  message: 'Database connected successfully',
  level: 'info',
  label: 'ph',
  timestamp: '2023-06-10T16:31:46.078Z'
}
{
  message: 'University management server listening on port 5000',
  level: 'info',
  label: 'ph',
  timestamp: '2023-06-10T16:31:46.097Z'
}
{
  message: 'Database connected successfully',
  level: 'info',
  label: 'ph',
  timestamp: '2023-06-10T16:31:51.616Z'
}
{
  message: 'University management server listening on port 5000',
  level: 'info',
  label: 'ph',
  timestamp: '2023-06-10T16:31:51.638Z'
}
{
  message: 'Database connected successfully',
  level: 'info',
  label: 'ph',
  timestamp: '2023-06-10T16:32:00.596Z'
}
{
  message: 'University management server listening on port 5000',
  level: 'info',
  label: 'ph',
  timestamp: '2023-06-10T16:32:00.617Z'
}
{
  message: 'Database connected successfully',
  level: 'info',
  label: 'ph',
  timestamp: '2023-06-10T16:34:06.302Z'
}
{
  message: 'University management server listening on port 5000',
  level: 'info',
  label: 'ph',
  timestamp: '2023-06-10T16:34:06.322Z'
}
{
  message: 'Database connected successfully',
  level: 'info',
  label: 'ph',
  timestamp: '2023-06-10T16:49:21.837Z'
}
{
  message: 'University management server listening on port 5000',
  level: 'info',
  label: 'ph',
  timestamp: '2023-06-10T16:49:21.859Z'
}
{
  message: 'Database connected successfully',
  level: 'info',
  label: 'ph',
  timestamp: '2023-06-10T16:50:04.665Z'
}
{
  message: 'University management server listening on port 5000',
  level: 'info',
  label: 'ph',
  timestamp: '2023-06-10T16:50:04.688Z'
}
